2024-08-29 12:00:32 [INFO] - Application Started
2024-08-29 12:00:32 [INFO] - Running tests
2024-08-29 12:00:36 [INFO] - repair count: 1
2024-08-29 12:00:36 [INFO] - status: true
2024-08-29 12:00:36 [INFO] - repair count: 1
2024-08-29 12:00:36 [INFO] - status: true
2024-08-29 12:00:36 [INFO] - repair count: 1
2024-08-29 12:00:36 [INFO] - status: false
2024-08-29 12:00:36 [INFO] - repair count: 1
2024-08-29 12:00:36 [INFO] - status: false
2024-08-29 12:00:36 [INFO] - repair count: 1
2024-08-29 12:00:36 [INFO] - status: true
2024-08-29 12:00:37 [INFO] - repair count: 1
2024-08-29 12:00:37 [INFO] - status: true
2024-08-29 12:00:37 [INFO] - repair count: 0
2024-08-29 12:00:37 [INFO] - status: true
2024-08-29 12:00:37 [INFO] - repair count: 1
2024-08-29 12:00:37 [INFO] - status: true
2024-08-29 12:00:38 [INFO] - repair count: 1
2024-08-29 12:00:38 [INFO] - status: true
2024-08-29 12:00:38 [INFO] - repair count: 1
2024-08-29 12:00:38 [INFO] - status: true
2024-08-29 12:00:39 [INFO] - repair count: 1
2024-08-29 12:00:39 [INFO] - status: true
2024-08-29 12:00:39 [INFO] - repair count: 1
2024-08-29 12:00:39 [INFO] - status: true
2024-08-29 12:00:40 [INFO] - repair count: 2
2024-08-29 12:00:40 [INFO] - status: false
2024-08-29 12:00:40 [INFO] - repair count: 2
2024-08-29 12:00:40 [INFO] - status: false
2024-08-29 12:00:40 [INFO] - repair count: 1
2024-08-29 12:00:40 [INFO] - status: false
2024-08-29 12:00:40 [INFO] - repair count: 1
2024-08-29 12:00:40 [INFO] - status: false
2024-08-29 12:00:40 [INFO] - repair count: 1
2024-08-29 12:00:40 [INFO] - status: false
2024-08-29 12:00:40 [INFO] - repair count: 1
2024-08-29 12:00:40 [INFO] - status: false
2024-08-29 12:00:40 [INFO] - repair count: 1
2024-08-29 12:00:40 [INFO] - status: false
2024-08-29 12:00:40 [INFO] - repair count: 1
2024-08-29 12:00:40 [INFO] - status: false
2024-08-29 12:00:41 [INFO] - repair count: 1
2024-08-29 12:00:41 [INFO] - status: true
2024-08-29 12:00:41 [INFO] - repair count: 1
2024-08-29 12:00:41 [INFO] - status: false
2024-08-29 12:00:41 [INFO] - repair count: 1
2024-08-29 12:00:41 [INFO] - status: true
2024-08-29 12:00:42 [INFO] - repair count: 1
2024-08-29 12:00:42 [INFO] - status: true
2024-08-29 12:00:42 [INFO] - repair count: 0
2024-08-29 12:00:42 [INFO] - status: true
2024-08-29 12:00:43 [INFO] - repair count: 0
2024-08-29 12:00:43 [INFO] - status: true
2024-08-29 12:00:43 [INFO] - repair count: 0
2024-08-29 12:00:43 [INFO] - status: true
2024-08-29 12:00:43 [INFO] - repair count: 0
2024-08-29 12:00:43 [INFO] - status: true
2024-08-29 12:00:43 [INFO] - All tests completed
