2024-09-05 11:26:27 [INFO] - Application Started
2024-09-05 11:26:27 [INFO] - Running tests from GitHub repo: https://github.com/RuleBrittonica/rem-testfiles
2024-09-05 11:26:28 [INFO] - Running tests from path: "tmp_test_src/"
2024-09-05 11:26:28 [INFO] - Running tests from directory tmp_test_src/controller
2024-09-05 11:26:30 [INFO] - Controller tests successful, 2 tests failed
2024-09-05 11:26:30 [INFO] - Running tests from directory tmp_test_src/borrower
2024-09-05 11:26:32 [INFO] - Borrower tests successful, 5 tests failed
2024-09-05 11:26:32 [INFO] - Running tests from directory tmp_test_src/repairer
2024-09-05 11:26:33 [INFO] - repair count: 1
2024-09-05 11:26:33 [INFO] - status: true
2024-09-05 11:26:33 [INFO] - repair count: 1
2024-09-05 11:26:33 [INFO] - status: true
2024-09-05 11:26:33 [INFO] - repair count: 1
2024-09-05 11:26:33 [INFO] - status: false
2024-09-05 11:26:33 [INFO] - repair count: 1
2024-09-05 11:26:33 [INFO] - status: false
2024-09-05 11:26:34 [INFO] - repair count: 1
2024-09-05 11:26:34 [INFO] - status: true
2024-09-05 11:26:34 [INFO] - repair count: 1
2024-09-05 11:26:34 [INFO] - status: true
2024-09-05 11:26:35 [INFO] - repair count: 0
2024-09-05 11:26:35 [INFO] - status: true
2024-09-05 11:26:35 [INFO] - repair count: 1
2024-09-05 11:26:35 [INFO] - status: true
2024-09-05 11:26:36 [INFO] - repair count: 1
2024-09-05 11:26:36 [INFO] - status: true
2024-09-05 11:26:36 [INFO] - repair count: 1
2024-09-05 11:26:36 [INFO] - status: true
2024-09-05 11:26:36 [INFO] - repair count: 1
2024-09-05 11:26:36 [INFO] - status: true
2024-09-05 11:26:37 [INFO] - repair count: 1
2024-09-05 11:26:37 [INFO] - status: true
2024-09-05 11:26:37 [INFO] - repair count: 2
2024-09-05 11:26:37 [INFO] - status: false
2024-09-05 11:26:37 [INFO] - repair count: 2
2024-09-05 11:26:37 [INFO] - status: false
2024-09-05 11:26:37 [INFO] - repair count: 1
2024-09-05 11:26:37 [INFO] - status: false
2024-09-05 11:26:37 [INFO] - repair count: 1
2024-09-05 11:26:37 [INFO] - status: false
2024-09-05 11:26:37 [INFO] - repair count: 1
2024-09-05 11:26:37 [INFO] - status: false
2024-09-05 11:26:37 [INFO] - repair count: 1
2024-09-05 11:26:37 [INFO] - status: false
2024-09-05 11:26:37 [INFO] - repair count: 1
2024-09-05 11:26:37 [INFO] - status: false
2024-09-05 11:26:37 [INFO] - repair count: 1
2024-09-05 11:26:37 [INFO] - status: false
2024-09-05 11:26:37 [INFO] - repair count: 1
2024-09-05 11:26:37 [INFO] - status: true
2024-09-05 11:26:37 [INFO] - repair count: 1
2024-09-05 11:26:37 [INFO] - status: false
2024-09-05 11:26:38 [INFO] - repair count: 1
2024-09-05 11:26:38 [INFO] - status: true
2024-09-05 11:26:38 [INFO] - repair count: 1
2024-09-05 11:26:38 [INFO] - status: true
2024-09-05 11:26:39 [INFO] - repair count: 0
2024-09-05 11:26:39 [INFO] - status: true
2024-09-05 11:26:39 [INFO] - repair count: 0
2024-09-05 11:26:39 [INFO] - status: true
2024-09-05 11:26:39 [INFO] - repair count: 0
2024-09-05 11:26:39 [INFO] - status: true
2024-09-05 11:26:39 [INFO] - repair count: 0
2024-09-05 11:26:39 [INFO] - status: true
2024-09-05 11:26:39 [INFO] - Repairer tests succesful, 11 tests failed
2024-09-05 11:26:39 [INFO] - Test running finished, 18 tests failed
2024-09-05 11:26:39 [INFO] - Successfully deleted folder downloaded from Git
2024-09-05 11:26:39 [INFO] - Refactoring completed successfully
