2024-11-20 19:24:58 [INFO] - Application Started
2024-11-20 19:24:58 [INFO] - Running tests in verbose mode
2024-11-20 19:24:58 [INFO] - Running tests from path: "src_tests"
2024-11-20 19:24:58 [INFO] - Removing all files in directory: "src_tests\\extract/output"
2024-11-20 19:24:58 [INFO] - Removing file: "src_tests\\extract/output\\argument_and_locals.rs"
2024-11-20 19:24:58 [INFO] - Removing file: "src_tests\\extract/output\\argument_form_expr.rs"
2024-11-20 19:24:58 [INFO] - Removing file: "src_tests\\extract/output\\argument_used_twice_form_expr.rs"
2024-11-20 19:24:58 [INFO] - Removing file: "src_tests\\extract/output\\break_from_nested_and_outer_loops.rs"
2024-11-20 19:24:58 [INFO] - Removing file: "src_tests\\extract/output\\break_from_nested_loop.rs"
2024-11-20 19:24:58 [INFO] - Removing file: "src_tests\\extract/output\\break_loop.rs"
2024-11-20 19:24:58 [INFO] - Removing file: "src_tests\\extract/output\\break_loop_nested.rs"
2024-11-20 19:24:58 [INFO] - Removing file: "src_tests\\extract/output\\break_loop_nested_labeled.rs"
2024-11-20 19:24:58 [INFO] - Removing file: "src_tests\\extract/output\\break_loop_with_if.rs"
2024-11-20 19:24:58 [INFO] - Removing file: "src_tests\\extract/output\\break_stmt.rs"
2024-11-20 19:24:58 [INFO] - Removing file: "src_tests\\extract/output\\break_with_value.rs"
2024-11-20 19:24:58 [INFO] - Removing file: "src_tests\\extract/output\\break_with_value_and_label.rs"
2024-11-20 19:24:58 [INFO] - Removing file: "src_tests\\extract/output\\break_with_value_and_return.rs"
2024-11-20 19:24:58 [INFO] - Removing file: "src_tests\\extract/output\\closure_arguments.rs"
2024-11-20 19:24:58 [INFO] - Removing file: "src_tests\\extract/output\\comments_in_block_expr.rs"
2024-11-20 19:24:58 [INFO] - Removing file: "src_tests\\extract/output\\continue_loop_nested_labeled.rs"
2024-11-20 19:24:58 [INFO] - Removing file: "src_tests\\extract/output\\copy_custom_used_after.rs"
2024-11-20 19:24:58 [INFO] - Removing file: "src_tests\\extract/output\\copy_used_after.rs"
2024-11-20 19:24:58 [INFO] - Removing file: "src_tests\\extract/output\\does_not_add_extra_whitespace.rs"
2024-11-20 19:24:58 [INFO] - Removing file: "src_tests\\extract/output\\does_not_import_control_flow.rs"
2024-11-20 19:24:58 [INFO] - Removing file: "src_tests\\extract/output\\dont_emit_type_with_hidden_lifetime_parameter.rs"
2024-11-20 19:24:58 [INFO] - Removing file: "src_tests\\extract/output\\empty_generic_param_list.rs"
2024-11-20 19:24:58 [INFO] - Removing file: "src_tests\\extract/output\\extract_cast.rs"
2024-11-20 19:24:58 [INFO] - Removing file: "src_tests\\extract/output\\extract_does_not_tear_body_apart.rs"
2024-11-20 19:24:58 [INFO] - Removing file: "src_tests\\extract/output\\extract_does_not_tear_comments_apart.rs"
2024-11-20 19:24:58 [INFO] - Removing file: "src_tests\\extract/output\\extract_does_not_wrap_res_in_res.rs"
2024-11-20 19:24:58 [INFO] - Removing file: "src_tests\\extract/output\\extract_from_nested.rs"
2024-11-20 19:24:58 [INFO] - Removing file: "src_tests\\extract/output\\extract_function_copies_comment_at_end.rs"
2024-11-20 19:24:58 [INFO] - Removing file: "src_tests\\extract/output\\extract_function_copies_comment_at_start.rs"
2024-11-20 19:24:58 [INFO] - Removing file: "src_tests\\extract/output\\extract_function_copies_comment_indented.rs"
2024-11-20 19:24:58 [INFO] - Removing file: "src_tests\\extract/output\\extract_function_copies_comment_in_between.rs"
2024-11-20 19:24:58 [INFO] - Removing file: "src_tests\\extract/output\\extract_function_does_preserve_whitespace.rs"
2024-11-20 19:24:58 [INFO] - Removing file: "src_tests\\extract/output\\extract_function_from_trait_with_existing_non_empty_impl_block.rs"
2024-11-20 19:24:58 [INFO] - Removing file: "src_tests\\extract/output\\extract_function_long_form_comment.rs"
2024-11-20 19:24:58 [INFO] - Removing file: "src_tests\\extract/output\\extract_method_from_trait_impl.rs"
2024-11-20 19:24:58 [INFO] - Removing file: "src_tests\\extract/output\\extract_method_from_trait_with_existing_non_empty_impl_block.rs"
2024-11-20 19:24:58 [INFO] - Removing file: "src_tests\\extract/output\\extract_method_from_trait_with_multiple_existing_impl_blocks.rs"
2024-11-20 19:24:58 [INFO] - Removing file: "src_tests\\extract/output\\extract_method_from_trait_with_multiple_existing_trait_impl_blocks.rs"
2024-11-20 19:24:58 [INFO] - Removing file: "src_tests\\extract/output\\extract_mut_ref_param_has_no_mut_binding_in_loop.rs"
2024-11-20 19:24:58 [INFO] - Removing file: "src_tests\\extract/output\\extract_partial_block.rs"
2024-11-20 19:24:58 [INFO] - Removing file: "src_tests\\extract/output\\extract_partial_block_single_line.rs"
2024-11-20 19:24:58 [INFO] - Removing file: "src_tests\\extract/output\\extract_return_stmt.rs"
2024-11-20 19:24:58 [INFO] - Removing file: "src_tests\\extract/output\\extract_with_await.rs"
2024-11-20 19:24:58 [INFO] - Removing file: "src_tests\\extract/output\\extract_with_await_and_result_producing_match_expr.rs"
2024-11-20 19:24:58 [INFO] - Removing file: "src_tests\\extract/output\\extract_with_await_in_args.rs"
2024-11-20 19:24:58 [INFO] - Removing file: "src_tests\\extract/output\\filters_unused_nested_generics.rs"
2024-11-20 19:24:58 [INFO] - Removing file: "src_tests\\extract/output\\filters_unused_nested_where_clauses.rs"
2024-11-20 19:24:58 [INFO] - Removing file: "src_tests\\extract/output\\filter_unused_generics.rs"
2024-11-20 19:24:58 [INFO] - Removing file: "src_tests\\extract/output\\filter_unused_where_clause.rs"
2024-11-20 19:24:58 [INFO] - Removing file: "src_tests\\extract/output\\function_expr.rs"
2024-11-20 19:24:58 [INFO] - Removing file: "src_tests\\extract/output\\indented_stmts.rs"
2024-11-20 19:24:58 [INFO] - Removing file: "src_tests\\extract/output\\indented_stmts_inside_mod.rs"
2024-11-20 19:24:58 [INFO] - Removing file: "src_tests\\extract/output\\it_should_not_generate_duplicate_function_names.rs"
2024-11-20 19:24:58 [INFO] - Removing file: "src_tests\\extract/output\\method_to_freestanding.rs"
2024-11-20 19:24:58 [INFO] - Removing file: "src_tests\\extract/output\\method_with_mut.rs"
2024-11-20 19:24:58 [INFO] - Removing file: "src_tests\\extract/output\\method_with_reference.rs"
2024-11-20 19:24:58 [INFO] - Removing file: "src_tests\\extract/output\\multi_variables_defined_inside_and_used_after_mutably_no_ret.rs"
2024-11-20 19:24:58 [INFO] - Removing file: "src_tests\\extract/output\\mut_field_from_outer_scope.rs"
2024-11-20 19:24:58 [INFO] - Removing file: "src_tests\\extract/output\\mut_method_call.rs"
2024-11-20 19:24:58 [INFO] - Removing file: "src_tests\\extract/output\\mut_nested_field_from_outer_scope.rs"
2024-11-20 19:24:58 [INFO] - Removing file: "src_tests\\extract/output\\mut_param_because_of_mut_ref.rs"
2024-11-20 19:24:58 [INFO] - Removing file: "src_tests\\extract/output\\mut_param_many_usages_expr.rs"
2024-11-20 19:24:58 [INFO] - Removing file: "src_tests\\extract/output\\mut_param_many_usages_stmt.rs"
2024-11-20 19:24:58 [INFO] - Removing file: "src_tests\\extract/output\\mut_var_from_outer_scope.rs"
2024-11-20 19:24:58 [INFO] - Removing file: "src_tests\\extract/output\\nested_generics.rs"
2024-11-20 19:24:58 [INFO] - Removing file: "src_tests\\extract/output\\nested_where_clauses.rs"
2024-11-20 19:24:58 [INFO] - Removing file: "src_tests\\extract/output\\nontrivial_patterns_define_variables.rs"
2024-11-20 19:24:58 [INFO] - Removing file: "src_tests\\extract/output\\non_tail_expr_of_tail_expr_loop.rs"
2024-11-20 19:24:58 [INFO] - Removing file: "src_tests\\extract/output\\non_tail_expr_of_tail_if_block.rs"
2024-11-20 19:24:58 [INFO] - Removing file: "src_tests\\extract/output\\non_tail_expr_with_comment_of_tail_expr_loop.rs"
2024-11-20 19:24:58 [INFO] - Removing file: "src_tests\\extract/output\\no_args_for.rs"
2024-11-20 19:24:58 [INFO] - Removing file: "src_tests\\extract/output\\no_args_from_binary_expr.rs"
2024-11-20 19:24:58 [INFO] - Removing file: "src_tests\\extract/output\\no_args_from_binary_expr_indented.rs"
2024-11-20 19:24:58 [INFO] - Removing file: "src_tests\\extract/output\\no_args_from_binary_expr_in_module.rs"
2024-11-20 19:24:58 [INFO] - Removing file: "src_tests\\extract/output\\no_args_from_loop_unit.rs"
2024-11-20 19:24:58 [INFO] - Removing file: "src_tests\\extract/output\\no_args_from_loop_with_return.rs"
2024-11-20 19:24:58 [INFO] - Removing file: "src_tests\\extract/output\\no_args_from_match.rs"
2024-11-20 19:24:58 [INFO] - Removing file: "src_tests\\extract/output\\no_args_from_stmt_unit.rs"
2024-11-20 19:24:58 [INFO] - Removing file: "src_tests\\extract/output\\no_args_from_stmt_with_last_expr.rs"
2024-11-20 19:24:58 [INFO] - Removing file: "src_tests\\extract/output\\no_args_if.rs"
2024-11-20 19:24:58 [INFO] - Removing file: "src_tests\\extract/output\\no_args_if_else.rs"
2024-11-20 19:24:58 [INFO] - Removing file: "src_tests\\extract/output\\no_args_if_let_else.rs"
2024-11-20 19:24:58 [INFO] - Removing file: "src_tests\\extract/output\\no_args_match.rs"
2024-11-20 19:24:58 [INFO] - Removing file: "src_tests\\extract/output\\no_args_while.rs"
2024-11-20 19:24:58 [INFO] - Removing file: "src_tests\\extract/output\\param_from_closure.rs"
2024-11-20 19:24:58 [INFO] - Removing file: "src_tests\\extract/output\\part_of_expr_stmt.rs"
2024-11-20 19:24:58 [INFO] - Removing file: "src_tests\\extract/output\\preserve_generics.rs"
2024-11-20 19:24:58 [INFO] - Removing file: "src_tests\\extract/output\\preserve_generics_from_body.rs"
2024-11-20 19:24:58 [INFO] - Removing file: "src_tests\\extract/output\\preserve_where_clause.rs"
2024-11-20 19:24:58 [INFO] - Removing file: "src_tests\\extract/output\\reference_mutable_param_without_further_usages.rs"
2024-11-20 19:24:58 [INFO] - Removing file: "src_tests\\extract/output\\reference_mutable_param_with_further_usages.rs"
2024-11-20 19:24:58 [INFO] - Removing file: "src_tests\\extract/output\\return_from_nested_fn.rs"
2024-11-20 19:24:58 [INFO] - Removing file: "src_tests\\extract/output\\return_from_nested_loop.rs"
2024-11-20 19:24:58 [INFO] - Removing file: "src_tests\\extract/output\\return_to_parent.rs"
2024-11-20 19:24:58 [INFO] - Removing file: "src_tests\\extract/output\\should_increment_suffix_until_it_finds_space.rs"
2024-11-20 19:24:58 [INFO] - Removing file: "src_tests\\extract/output\\struct_with_two_fields_pattern_define_variables.rs"
2024-11-20 19:24:58 [INFO] - Removing file: "src_tests\\extract/output\\tail_expr_no_extra_control_flow.rs"
2024-11-20 19:24:58 [INFO] - Removing file: "src_tests\\extract/output\\tail_expr_of_tail_block_nested.rs"
2024-11-20 19:24:58 [INFO] - Removing file: "src_tests\\extract/output\\try_and_return_ok.rs"
2024-11-20 19:24:58 [INFO] - Removing file: "src_tests\\extract/output\\try_option.rs"
2024-11-20 19:24:58 [INFO] - Removing file: "src_tests\\extract/output\\try_option_unit.rs"
2024-11-20 19:24:58 [INFO] - Removing file: "src_tests\\extract/output\\try_option_with_return.rs"
2024-11-20 19:24:58 [INFO] - Removing file: "src_tests\\extract/output\\try_result.rs"
2024-11-20 19:24:58 [INFO] - Removing file: "src_tests\\extract/output\\try_result_with_return.rs"
2024-11-20 19:24:58 [INFO] - Removing file: "src_tests\\extract/output\\two_arguments_form_expr.rs"
2024-11-20 19:24:58 [INFO] - Removing file: "src_tests\\extract/output\\two_variables_defined_inside_and_used_after_no_ret.rs"
2024-11-20 19:24:58 [INFO] - Removing file: "src_tests\\extract/output\\unresolveable_types_default_to_placeholder.rs"
2024-11-20 19:24:58 [INFO] - Removing file: "src_tests\\extract/output\\variable_defined_inside_and_used_after_mutably_no_ret.rs"
2024-11-20 19:24:58 [INFO] - Removing file: "src_tests\\extract/output\\variable_defined_inside_and_used_after_no_ret.rs"
2024-11-20 19:24:58 [INFO] - Running method extraction tests from directory src_tests
