2024-08-25 11:59:04 [INFO] - Application Started
2024-08-25 11:59:04 [INFO] - Running tests
2024-08-25 11:59:08 [INFO] - repair count: 1
2024-08-25 11:59:08 [INFO] - status: true
2024-08-25 11:59:08 [INFO] - repair count: 1
2024-08-25 11:59:08 [INFO] - status: true
2024-08-25 11:59:08 [INFO] - repair count: 1
2024-08-25 11:59:08 [INFO] - status: false
2024-08-25 11:59:08 [INFO] - repair count: 1
2024-08-25 11:59:08 [INFO] - status: false
2024-08-25 11:59:09 [INFO] - repair count: 1
2024-08-25 11:59:09 [INFO] - status: true
2024-08-25 11:59:09 [INFO] - repair count: 1
2024-08-25 11:59:09 [INFO] - status: true
2024-08-25 11:59:09 [INFO] - repair count: 0
2024-08-25 11:59:09 [INFO] - status: true
2024-08-25 11:59:09 [INFO] - repair count: 1
2024-08-25 11:59:09 [INFO] - status: true
2024-08-25 11:59:09 [INFO] - repair count: 1
2024-08-25 11:59:09 [INFO] - status: true
2024-08-25 11:59:10 [INFO] - repair count: 1
2024-08-25 11:59:10 [INFO] - status: true
2024-08-25 11:59:10 [INFO] - repair count: 1
2024-08-25 11:59:10 [INFO] - status: true
2024-08-25 11:59:10 [INFO] - repair count: 1
2024-08-25 11:59:10 [INFO] - status: true
2024-08-25 11:59:10 [INFO] - repair count: 2
2024-08-25 11:59:10 [INFO] - status: false
2024-08-25 11:59:10 [INFO] - repair count: 2
2024-08-25 11:59:10 [INFO] - status: false
2024-08-25 11:59:10 [INFO] - repair count: 1
2024-08-25 11:59:10 [INFO] - status: false
2024-08-25 11:59:10 [INFO] - repair count: 1
2024-08-25 11:59:10 [INFO] - status: false
2024-08-25 11:59:10 [INFO] - repair count: 1
2024-08-25 11:59:10 [INFO] - status: false
2024-08-25 11:59:11 [INFO] - repair count: 1
2024-08-25 11:59:11 [INFO] - status: false
2024-08-25 11:59:11 [INFO] - repair count: 1
2024-08-25 11:59:11 [INFO] - status: false
2024-08-25 11:59:11 [INFO] - repair count: 1
2024-08-25 11:59:11 [INFO] - status: false
2024-08-25 11:59:11 [INFO] - repair count: 1
2024-08-25 11:59:11 [INFO] - status: true
2024-08-25 11:59:11 [INFO] - repair count: 1
2024-08-25 11:59:11 [INFO] - status: false
2024-08-25 11:59:11 [INFO] - repair count: 1
2024-08-25 11:59:11 [INFO] - status: true
2024-08-25 11:59:11 [INFO] - repair count: 1
2024-08-25 11:59:11 [INFO] - status: true
2024-08-25 11:59:12 [INFO] - repair count: 0
2024-08-25 11:59:12 [INFO] - status: true
2024-08-25 11:59:12 [INFO] - repair count: 0
2024-08-25 11:59:12 [INFO] - status: true
2024-08-25 11:59:12 [INFO] - repair count: 0
2024-08-25 11:59:12 [INFO] - status: true
2024-08-25 11:59:12 [INFO] - repair count: 0
2024-08-25 11:59:12 [INFO] - status: true
2024-08-25 11:59:12 [INFO] - All tests completed
