2024-11-21 10:21:08 [INFO] - Application Started
2024-11-21 10:21:08 [INFO] - Running tests in verbose mode
2024-11-21 10:21:08 [INFO] - Running tests from path: "src_tests"
2024-11-21 10:21:08 [INFO] - Removing all files in directory: "src_tests\\extract/output"
2024-11-21 10:21:08 [INFO] - Removing file: "src_tests\\extract/output\\argument_and_locals.rs"
2024-11-21 10:21:08 [INFO] - Removing file: "src_tests\\extract/output\\argument_form_expr.rs"
2024-11-21 10:21:08 [INFO] - Removing file: "src_tests\\extract/output\\argument_used_twice_form_expr.rs"
2024-11-21 10:21:08 [INFO] - Removing file: "src_tests\\extract/output\\break_from_nested_and_outer_loops.rs"
2024-11-21 10:21:08 [INFO] - Removing file: "src_tests\\extract/output\\break_from_nested_loop.rs"
2024-11-21 10:21:08 [INFO] - Removing file: "src_tests\\extract/output\\break_loop.rs"
2024-11-21 10:21:08 [INFO] - Removing file: "src_tests\\extract/output\\break_loop_nested.rs"
2024-11-21 10:21:08 [INFO] - Removing file: "src_tests\\extract/output\\break_loop_nested_labeled.rs"
2024-11-21 10:21:08 [INFO] - Removing file: "src_tests\\extract/output\\break_loop_with_if.rs"
2024-11-21 10:21:08 [INFO] - Removing file: "src_tests\\extract/output\\break_stmt.rs"
2024-11-21 10:21:08 [INFO] - Removing file: "src_tests\\extract/output\\break_with_value.rs"
2024-11-21 10:21:08 [INFO] - Removing file: "src_tests\\extract/output\\break_with_value_and_label.rs"
2024-11-21 10:21:08 [INFO] - Removing file: "src_tests\\extract/output\\break_with_value_and_return.rs"
2024-11-21 10:21:08 [INFO] - Removing file: "src_tests\\extract/output\\closure_arguments.rs"
2024-11-21 10:21:08 [INFO] - Removing file: "src_tests\\extract/output\\comments_in_block_expr.rs"
2024-11-21 10:21:08 [INFO] - Removing file: "src_tests\\extract/output\\continue_loop_nested_labeled.rs"
2024-11-21 10:21:08 [INFO] - Removing file: "src_tests\\extract/output\\copy_custom_used_after.rs"
2024-11-21 10:21:08 [INFO] - Removing file: "src_tests\\extract/output\\copy_used_after.rs"
2024-11-21 10:21:08 [INFO] - Removing file: "src_tests\\extract/output\\does_not_add_extra_whitespace.rs"
2024-11-21 10:21:08 [INFO] - Removing file: "src_tests\\extract/output\\does_not_import_control_flow.rs"
2024-11-21 10:21:08 [INFO] - Removing file: "src_tests\\extract/output\\dont_emit_type_with_hidden_lifetime_parameter.rs"
2024-11-21 10:21:08 [INFO] - Removing file: "src_tests\\extract/output\\empty_generic_param_list.rs"
2024-11-21 10:21:08 [INFO] - Removing file: "src_tests\\extract/output\\extract_cast.rs"
2024-11-21 10:21:08 [INFO] - Removing file: "src_tests\\extract/output\\extract_does_not_tear_body_apart.rs"
2024-11-21 10:21:08 [INFO] - Removing file: "src_tests\\extract/output\\extract_does_not_tear_comments_apart.rs"
2024-11-21 10:21:08 [INFO] - Removing file: "src_tests\\extract/output\\extract_does_not_wrap_res_in_res.rs"
2024-11-21 10:21:08 [INFO] - Removing file: "src_tests\\extract/output\\extract_from_nested.rs"
2024-11-21 10:21:08 [INFO] - Removing file: "src_tests\\extract/output\\extract_function_copies_comment_at_end.rs"
2024-11-21 10:21:08 [INFO] - Removing file: "src_tests\\extract/output\\extract_function_copies_comment_at_start.rs"
2024-11-21 10:21:08 [INFO] - Removing file: "src_tests\\extract/output\\extract_function_copies_comment_indented.rs"
2024-11-21 10:21:08 [INFO] - Removing file: "src_tests\\extract/output\\extract_function_copies_comment_in_between.rs"
2024-11-21 10:21:08 [INFO] - Removing file: "src_tests\\extract/output\\extract_function_does_preserve_whitespace.rs"
2024-11-21 10:21:08 [INFO] - Removing file: "src_tests\\extract/output\\extract_function_from_trait_with_existing_non_empty_impl_block.rs"
2024-11-21 10:21:08 [INFO] - Removing file: "src_tests\\extract/output\\extract_function_long_form_comment.rs"
2024-11-21 10:21:08 [INFO] - Removing file: "src_tests\\extract/output\\extract_method_from_trait_impl.rs"
2024-11-21 10:21:08 [INFO] - Removing file: "src_tests\\extract/output\\extract_method_from_trait_with_existing_non_empty_impl_block.rs"
2024-11-21 10:21:08 [INFO] - Removing file: "src_tests\\extract/output\\extract_method_from_trait_with_multiple_existing_impl_blocks.rs"
2024-11-21 10:21:08 [INFO] - Removing file: "src_tests\\extract/output\\extract_method_from_trait_with_multiple_existing_trait_impl_blocks.rs"
2024-11-21 10:21:08 [INFO] - Removing file: "src_tests\\extract/output\\extract_mut_ref_param_has_no_mut_binding_in_loop.rs"
2024-11-21 10:21:08 [INFO] - Removing file: "src_tests\\extract/output\\extract_partial_block.rs"
2024-11-21 10:21:08 [INFO] - Removing file: "src_tests\\extract/output\\extract_partial_block_single_line.rs"
2024-11-21 10:21:08 [INFO] - Removing file: "src_tests\\extract/output\\extract_return_stmt.rs"
2024-11-21 10:21:08 [INFO] - Removing file: "src_tests\\extract/output\\extract_with_await.rs"
2024-11-21 10:21:08 [INFO] - Removing file: "src_tests\\extract/output\\extract_with_await_and_result_producing_match_expr.rs"
2024-11-21 10:21:08 [INFO] - Removing file: "src_tests\\extract/output\\extract_with_await_in_args.rs"
2024-11-21 10:21:08 [INFO] - Removing file: "src_tests\\extract/output\\filters_unused_nested_generics.rs"
2024-11-21 10:21:08 [INFO] - Removing file: "src_tests\\extract/output\\filters_unused_nested_where_clauses.rs"
2024-11-21 10:21:08 [INFO] - Removing file: "src_tests\\extract/output\\filter_unused_generics.rs"
2024-11-21 10:21:08 [INFO] - Removing file: "src_tests\\extract/output\\filter_unused_where_clause.rs"
2024-11-21 10:21:08 [INFO] - Removing file: "src_tests\\extract/output\\function_expr.rs"
2024-11-21 10:21:08 [INFO] - Removing file: "src_tests\\extract/output\\indented_stmts.rs"
2024-11-21 10:21:08 [INFO] - Removing file: "src_tests\\extract/output\\indented_stmts_inside_mod.rs"
2024-11-21 10:21:08 [INFO] - Removing file: "src_tests\\extract/output\\it_should_not_generate_duplicate_function_names.rs"
2024-11-21 10:21:08 [INFO] - Removing file: "src_tests\\extract/output\\method_to_freestanding.rs"
2024-11-21 10:21:08 [INFO] - Removing file: "src_tests\\extract/output\\method_with_mut.rs"
2024-11-21 10:21:08 [INFO] - Removing file: "src_tests\\extract/output\\method_with_reference.rs"
2024-11-21 10:21:08 [INFO] - Removing file: "src_tests\\extract/output\\multi_variables_defined_inside_and_used_after_mutably_no_ret.rs"
2024-11-21 10:21:08 [INFO] - Removing file: "src_tests\\extract/output\\mut_field_from_outer_scope.rs"
2024-11-21 10:21:08 [INFO] - Removing file: "src_tests\\extract/output\\mut_method_call.rs"
2024-11-21 10:21:08 [INFO] - Removing file: "src_tests\\extract/output\\mut_nested_field_from_outer_scope.rs"
2024-11-21 10:21:08 [INFO] - Removing file: "src_tests\\extract/output\\mut_param_because_of_mut_ref.rs"
2024-11-21 10:21:08 [INFO] - Removing file: "src_tests\\extract/output\\mut_param_many_usages_expr.rs"
2024-11-21 10:21:08 [INFO] - Removing file: "src_tests\\extract/output\\mut_param_many_usages_stmt.rs"
2024-11-21 10:21:08 [INFO] - Removing file: "src_tests\\extract/output\\mut_var_from_outer_scope.rs"
2024-11-21 10:21:08 [INFO] - Removing file: "src_tests\\extract/output\\nested_generics.rs"
2024-11-21 10:21:08 [INFO] - Removing file: "src_tests\\extract/output\\nested_where_clauses.rs"
2024-11-21 10:21:08 [INFO] - Removing file: "src_tests\\extract/output\\nontrivial_patterns_define_variables.rs"
2024-11-21 10:21:08 [INFO] - Removing file: "src_tests\\extract/output\\non_tail_expr_of_tail_expr_loop.rs"
2024-11-21 10:21:08 [INFO] - Removing file: "src_tests\\extract/output\\non_tail_expr_of_tail_if_block.rs"
2024-11-21 10:21:08 [INFO] - Removing file: "src_tests\\extract/output\\non_tail_expr_with_comment_of_tail_expr_loop.rs"
2024-11-21 10:21:08 [INFO] - Removing file: "src_tests\\extract/output\\no_args_for.rs"
2024-11-21 10:21:08 [INFO] - Removing file: "src_tests\\extract/output\\no_args_from_binary_expr.rs"
2024-11-21 10:21:08 [INFO] - Removing file: "src_tests\\extract/output\\no_args_from_binary_expr_indented.rs"
2024-11-21 10:21:08 [INFO] - Removing file: "src_tests\\extract/output\\no_args_from_binary_expr_in_module.rs"
2024-11-21 10:21:08 [INFO] - Removing file: "src_tests\\extract/output\\no_args_from_loop_unit.rs"
2024-11-21 10:21:08 [INFO] - Removing file: "src_tests\\extract/output\\no_args_from_loop_with_return.rs"
2024-11-21 10:21:08 [INFO] - Removing file: "src_tests\\extract/output\\no_args_from_match.rs"
2024-11-21 10:21:08 [INFO] - Removing file: "src_tests\\extract/output\\no_args_from_stmt_unit.rs"
2024-11-21 10:21:08 [INFO] - Removing file: "src_tests\\extract/output\\no_args_from_stmt_with_last_expr.rs"
2024-11-21 10:21:08 [INFO] - Removing file: "src_tests\\extract/output\\no_args_if.rs"
2024-11-21 10:21:08 [INFO] - Removing file: "src_tests\\extract/output\\no_args_if_else.rs"
2024-11-21 10:21:08 [INFO] - Removing file: "src_tests\\extract/output\\no_args_if_let_else.rs"
2024-11-21 10:21:08 [INFO] - Removing file: "src_tests\\extract/output\\no_args_match.rs"
2024-11-21 10:21:08 [INFO] - Removing file: "src_tests\\extract/output\\no_args_while.rs"
2024-11-21 10:21:08 [INFO] - Removing file: "src_tests\\extract/output\\param_from_closure.rs"
2024-11-21 10:21:08 [INFO] - Removing file: "src_tests\\extract/output\\part_of_expr_stmt.rs"
2024-11-21 10:21:08 [INFO] - Removing file: "src_tests\\extract/output\\preserve_generics.rs"
2024-11-21 10:21:08 [INFO] - Removing file: "src_tests\\extract/output\\preserve_generics_from_body.rs"
2024-11-21 10:21:08 [INFO] - Removing file: "src_tests\\extract/output\\preserve_where_clause.rs"
2024-11-21 10:21:08 [INFO] - Removing file: "src_tests\\extract/output\\reference_mutable_param_without_further_usages.rs"
2024-11-21 10:21:08 [INFO] - Removing file: "src_tests\\extract/output\\reference_mutable_param_with_further_usages.rs"
2024-11-21 10:21:08 [INFO] - Removing file: "src_tests\\extract/output\\return_from_nested_fn.rs"
2024-11-21 10:21:08 [INFO] - Removing file: "src_tests\\extract/output\\return_from_nested_loop.rs"
2024-11-21 10:21:08 [INFO] - Removing file: "src_tests\\extract/output\\return_to_parent.rs"
2024-11-21 10:21:08 [INFO] - Removing file: "src_tests\\extract/output\\should_increment_suffix_until_it_finds_space.rs"
2024-11-21 10:21:08 [INFO] - Removing file: "src_tests\\extract/output\\struct_with_two_fields_pattern_define_variables.rs"
2024-11-21 10:21:08 [INFO] - Removing file: "src_tests\\extract/output\\tail_expr_no_extra_control_flow.rs"
2024-11-21 10:21:08 [INFO] - Removing file: "src_tests\\extract/output\\tail_expr_of_tail_block_nested.rs"
2024-11-21 10:21:08 [INFO] - Removing file: "src_tests\\extract/output\\try_and_return_ok.rs"
2024-11-21 10:21:08 [INFO] - Removing file: "src_tests\\extract/output\\try_option.rs"
2024-11-21 10:21:08 [INFO] - Removing file: "src_tests\\extract/output\\try_option_unit.rs"
2024-11-21 10:21:08 [INFO] - Removing file: "src_tests\\extract/output\\try_option_with_return.rs"
2024-11-21 10:21:08 [INFO] - Removing file: "src_tests\\extract/output\\try_result.rs"
2024-11-21 10:21:08 [INFO] - Removing file: "src_tests\\extract/output\\try_result_with_return.rs"
2024-11-21 10:21:08 [INFO] - Removing file: "src_tests\\extract/output\\two_arguments_form_expr.rs"
2024-11-21 10:21:08 [INFO] - Removing file: "src_tests\\extract/output\\two_variables_defined_inside_and_used_after_no_ret.rs"
2024-11-21 10:21:08 [INFO] - Removing file: "src_tests\\extract/output\\unresolveable_types_default_to_placeholder.rs"
2024-11-21 10:21:08 [INFO] - Removing file: "src_tests\\extract/output\\variable_defined_inside_and_used_after_mutably_no_ret.rs"
2024-11-21 10:21:08 [INFO] - Removing file: "src_tests\\extract/output\\variable_defined_inside_and_used_after_no_ret.rs"
2024-11-21 10:21:08 [INFO] - Running method extraction tests from directory src_tests
2024-11-21 10:21:09 [INFO] - Test 1 | PASSED | PASSED: argument_and_locals in 855.22ms
2024-11-21 10:21:10 [INFO] - Test 2 | PASSED | PASSED: argument_form_expr in 974.81ms
2024-11-21 10:21:11 [INFO] - Test 3 | PASSED | PASSED: argument_used_twice_form_expr in 1.21s
2024-11-21 10:21:13 [INFO] - Test 4 | PASSED | PASSED: break_from_nested_and_outer_loops in 1.44s
2024-11-21 10:21:14 [INFO] - Test 5 | PASSED | PASSED: break_from_nested_loop in 1.18s
2024-11-21 10:21:16 [INFO] - Test 6 | PASSED | PASSED: break_loop in 1.91s
2024-11-21 10:21:17 [INFO] - Test 7 | PASSED | PASSED: break_loop_nested in 917.57ms
2024-11-21 10:21:29 [INFO] - Test 8 | PASSED | PASSED: break_loop_nested_labeled in 12.31s
2024-11-21 10:21:30 [INFO] - Test 9 | PASSED | PASSED: break_loop_with_if in 1.39s
2024-11-21 10:21:31 [INFO] - Test 10 | PASSED | PASSED: break_stmt in 1.04s
2024-11-21 10:21:37 [INFO] - Test 11 | PASSED | PASSED: break_with_value in 5.99s
2024-11-21 10:21:38 [INFO] - Test 12 | PASSED | PASSED: break_with_value_and_label in 922.14ms
2024-11-21 10:21:45 [INFO] - Test 13 | PASSED | PASSED: break_with_value_and_return in 6.25s
2024-11-21 10:21:46 [INFO] - Test 14 | PASSED | PASSED: closure_arguments in 968.43ms
2024-11-21 10:21:52 [INFO] - Test 15 | PASSED | PASSED: comments_in_block_expr in 6.71s
2024-11-21 10:21:59 [INFO] - Test 16 | PASSED | PASSED: continue_loop_nested_labeled in 6.84s
2024-11-21 10:22:00 [INFO] - Test 17 | PASSED | FAILED: copy_custom_used_after in 915.54ms
2024-11-21 10:22:07 [INFO] - Test 18 | PASSED | FAILED: copy_used_after in 7.23s
2024-11-21 10:22:09 [INFO] - Test 19 | PASSED | PASSED: does_not_add_extra_whitespace in 1.82s
2024-11-21 10:22:10 [INFO] - Test 20 | PASSED | PASSED: does_not_import_control_flow in 1.14s
2024-11-21 10:22:11 [INFO] - Test 21 | PASSED | PASSED: dont_emit_type_with_hidden_lifetime_parameter in 1.04s
2024-11-21 10:22:12 [INFO] - Test 22 | PASSED | PASSED: empty_generic_param_list in 1.04s
2024-11-21 10:22:13 [INFO] - Test 23 | PASSED | PASSED: extract_cast in 995.91ms
2024-11-21 10:22:15 [INFO] - Test 24 | PASSED | PASSED: extract_does_not_tear_body_apart in 1.46s
2024-11-21 10:22:16 [INFO] - Test 25 | PASSED | PASSED: extract_does_not_tear_comments_apart in 1.10s
2024-11-21 10:22:17 [INFO] - Test 26 | PASSED | FAILED: extract_does_not_wrap_res_in_res in 1.30s
2024-11-21 10:22:18 [INFO] - Test 27 | PASSED | Error: expected `,`: extract_from_nested in 967.28ms
2024-11-21 10:22:25 [INFO] - Test 28 | PASSED | PASSED: extract_function_copies_comment_at_end in 6.60s
2024-11-21 10:22:26 [INFO] - Test 29 | PASSED | PASSED: extract_function_copies_comment_at_start in 1.29s
2024-11-21 10:22:27 [INFO] - Test 30 | PASSED | PASSED: extract_function_copies_comment_in_between in 1.39s
2024-11-21 10:22:34 [INFO] - Test 31 | PASSED | PASSED: extract_function_copies_comment_indented in 6.42s
2024-11-21 10:22:40 [INFO] - Test 32 | PASSED | PASSED: extract_function_does_preserve_whitespace in 6.13s
2024-11-21 10:22:41 [INFO] - Test 33 | PASSED | PASSED: extract_function_from_trait_with_existing_non_empty_impl_block in 1.05s
2024-11-21 10:22:42 [INFO] - Test 34 | PASSED | PASSED: extract_function_long_form_comment in 1.35s
2024-11-21 10:22:44 [INFO] - Test 35 | PASSED | PASSED: extract_method_from_trait_impl in 1.97s
2024-11-21 10:22:45 [INFO] - Test 36 | PASSED | PASSED: extract_method_from_trait_with_existing_non_empty_impl_block in 908.37ms
2024-11-21 10:22:46 [INFO] - Test 37 | PASSED | PASSED: extract_method_from_trait_with_multiple_existing_impl_blocks in 857.13ms
2024-11-21 10:22:47 [INFO] - Test 38 | PASSED | PASSED: extract_method_from_trait_with_multiple_existing_trait_impl_blocks in 860.08ms
2024-11-21 10:22:48 [INFO] - Test 39 | PASSED | PASSED: extract_mut_ref_param_has_no_mut_binding_in_loop in 885.79ms
2024-11-21 10:22:54 [INFO] - Test 40 | PASSED | PASSED: extract_partial_block in 6.28s
2024-11-21 10:22:56 [INFO] - Test 41 | PASSED | PASSED: extract_partial_block_single_line in 1.59s
2024-11-21 10:22:57 [INFO] - Test 42 | PASSED | PASSED: extract_return_stmt in 1.18s
2024-11-21 10:22:58 [INFO] - Test 43 | PASSED | PASSED: extract_with_await in 1.03s
2024-11-21 10:23:04 [INFO] - Test 44 | FAILED: No Extract Function Assist found for the given selection of assists [Assist { id: AssistId("extract_variable", RefactorExtract), label: "Extract into variable", group: None, target: 40..54, source_change: None, command: None }] | N/A: extract_with_await_and_result_not_producing_match_expr in 6.37s
2024-11-21 10:23:06 [INFO] - Test 45 | PASSED | PASSED: extract_with_await_and_result_producing_match_expr in 1.23s
2024-11-21 10:23:08 [INFO] - Test 46 | PASSED | PASSED: extract_with_await_in_args in 2.22s
2024-11-21 10:23:09 [INFO] - Test 47 | FAILED: No Extract Function Assist found for the given selection of assists [] | N/A: extract_with_macro_arg in 1.29s
2024-11-21 10:23:10 [INFO] - Test 48 | PASSED | PASSED: filter_unused_generics in 1.10s
2024-11-21 10:23:12 [INFO] - Test 49 | PASSED | PASSED: filter_unused_where_clause in 1.39s
2024-11-21 10:23:13 [INFO] - Test 50 | PASSED | PASSED: filters_unused_nested_generics in 953.72ms
2024-11-21 10:23:14 [INFO] - Test 51 | PASSED | PASSED: filters_unused_nested_where_clauses in 1.11s
2024-11-21 10:23:15 [INFO] - Test 52 | PASSED | PASSED: function_expr in 1.17s
2024-11-21 10:23:16 [INFO] - Test 53 | PASSED | PASSED: indented_stmts in 1.39s
2024-11-21 10:23:17 [INFO] - Test 54 | PASSED | PASSED: indented_stmts_inside_mod in 976.76ms
2024-11-21 10:23:18 [INFO] - Test 55 | PASSED | PASSED: it_should_not_generate_duplicate_function_names in 901.70ms
2024-11-21 10:23:19 [INFO] - Test 56 | PASSED | PASSED: method_to_freestanding in 1.13s
2024-11-21 10:23:20 [INFO] - Test 57 | PASSED | PASSED: method_with_mut in 1.02s
2024-11-21 10:23:22 [INFO] - Test 58 | PASSED | PASSED: method_with_reference in 1.26s
2024-11-21 10:23:23 [INFO] - Test 59 | PASSED | PASSED: multi_variables_defined_inside_and_used_after_mutably_no_ret in 1.06s
2024-11-21 10:23:24 [INFO] - Test 60 | PASSED | PASSED: mut_field_from_outer_scope in 1.07s
2024-11-21 10:23:25 [INFO] - Test 61 | PASSED | PASSED: mut_method_call in 1.14s
2024-11-21 10:23:26 [INFO] - Test 62 | PASSED | PASSED: mut_nested_field_from_outer_scope in 1.01s
2024-11-21 10:23:27 [INFO] - Test 63 | PASSED | PASSED: mut_param_because_of_mut_ref in 1.23s
2024-11-21 10:23:38 [INFO] - Test 64 | PASSED | PASSED: mut_param_many_usages_expr in 11.14s
2024-11-21 10:23:39 [INFO] - Test 65 | PASSED | PASSED: mut_param_many_usages_stmt in 1.09s
2024-11-21 10:23:40 [INFO] - Test 66 | PASSED | PASSED: mut_var_from_outer_scope in 983.22ms
2024-11-21 10:23:41 [INFO] - Test 67 | PASSED | PASSED: nested_generics in 944.30ms
2024-11-21 10:23:42 [INFO] - Test 68 | PASSED | PASSED: nested_where_clauses in 1.14s
2024-11-21 10:23:44 [INFO] - Test 69 | PASSED | PASSED: no_args_for in 1.34s
2024-11-21 10:23:45 [INFO] - Test 70 | PASSED | PASSED: no_args_from_binary_expr in 1.23s
2024-11-21 10:23:46 [INFO] - Test 71 | PASSED | PASSED: no_args_from_binary_expr_in_module in 1.07s
2024-11-21 10:23:47 [INFO] - Test 72 | PASSED | PASSED: no_args_from_binary_expr_indented in 1.12s
2024-11-21 10:23:49 [INFO] - Test 73 | PASSED | PASSED: no_args_from_loop_unit in 1.53s
2024-11-21 10:23:50 [INFO] - Test 74 | PASSED | PASSED: no_args_from_loop_with_return in 1.06s
2024-11-21 10:23:51 [INFO] - Test 75 | PASSED | PASSED: no_args_from_match in 1.14s
2024-11-21 10:24:02 [INFO] - Test 76 | PASSED | PASSED: no_args_from_stmt_unit in 11.14s
2024-11-21 10:24:03 [INFO] - Test 77 | PASSED | PASSED: no_args_from_stmt_with_last_expr in 909.37ms
2024-11-21 10:24:09 [INFO] - Test 78 | PASSED | PASSED: no_args_if in 6.05s
2024-11-21 10:24:10 [INFO] - Test 79 | PASSED | PASSED: no_args_if_else in 1.19s
