2024-08-25 12:06:58 [INFO] - Application Started
2024-08-25 12:06:58 [INFO] - Running tests
2024-08-25 12:07:03 [INFO] - repair count: 1
2024-08-25 12:07:03 [INFO] - status: true
2024-08-25 12:07:03 [INFO] - repair count: 1
2024-08-25 12:07:03 [INFO] - status: true
2024-08-25 12:07:03 [INFO] - repair count: 1
2024-08-25 12:07:03 [INFO] - status: false
2024-08-25 12:07:03 [INFO] - repair count: 1
2024-08-25 12:07:03 [INFO] - status: false
2024-08-25 12:07:03 [INFO] - repair count: 1
2024-08-25 12:07:03 [INFO] - status: true
2024-08-25 12:07:03 [INFO] - repair count: 1
2024-08-25 12:07:03 [INFO] - status: true
2024-08-25 12:07:03 [INFO] - repair count: 0
2024-08-25 12:07:03 [INFO] - status: true
2024-08-25 12:07:04 [INFO] - repair count: 1
2024-08-25 12:07:04 [INFO] - status: true
2024-08-25 12:07:04 [INFO] - repair count: 1
2024-08-25 12:07:04 [INFO] - status: true
2024-08-25 12:07:04 [INFO] - repair count: 1
2024-08-25 12:07:04 [INFO] - status: true
2024-08-25 12:07:04 [INFO] - repair count: 1
2024-08-25 12:07:04 [INFO] - status: true
2024-08-25 12:07:05 [INFO] - repair count: 1
2024-08-25 12:07:05 [INFO] - status: true
2024-08-25 12:07:05 [INFO] - repair count: 2
2024-08-25 12:07:05 [INFO] - status: false
2024-08-25 12:07:05 [INFO] - repair count: 2
2024-08-25 12:07:05 [INFO] - status: false
2024-08-25 12:07:05 [INFO] - repair count: 1
2024-08-25 12:07:05 [INFO] - status: false
2024-08-25 12:07:05 [INFO] - repair count: 1
2024-08-25 12:07:05 [INFO] - status: false
2024-08-25 12:07:05 [INFO] - repair count: 1
2024-08-25 12:07:05 [INFO] - status: false
2024-08-25 12:07:05 [INFO] - repair count: 1
2024-08-25 12:07:05 [INFO] - status: false
2024-08-25 12:07:05 [INFO] - repair count: 1
2024-08-25 12:07:05 [INFO] - status: false
2024-08-25 12:07:05 [INFO] - repair count: 1
2024-08-25 12:07:05 [INFO] - status: false
2024-08-25 12:07:06 [INFO] - repair count: 1
2024-08-25 12:07:06 [INFO] - status: true
2024-08-25 12:07:06 [INFO] - repair count: 1
2024-08-25 12:07:06 [INFO] - status: false
2024-08-25 12:07:06 [INFO] - repair count: 1
2024-08-25 12:07:06 [INFO] - status: true
2024-08-25 12:07:06 [INFO] - repair count: 1
2024-08-25 12:07:06 [INFO] - status: true
2024-08-25 12:07:06 [INFO] - repair count: 0
2024-08-25 12:07:06 [INFO] - status: true
2024-08-25 12:07:07 [INFO] - repair count: 0
2024-08-25 12:07:07 [INFO] - status: true
2024-08-25 12:07:07 [INFO] - repair count: 0
2024-08-25 12:07:07 [INFO] - status: true
2024-08-25 12:07:07 [INFO] - repair count: 0
2024-08-25 12:07:07 [INFO] - status: true
2024-08-25 12:07:07 [INFO] - All tests completed
