2024-09-19 17:12:37 [INFO] - Application Started
2024-09-19 17:12:37 [INFO] - Running tests from GitHub repo: https://github.com/RuleBrittonica/rem-testfiles
2024-09-19 17:12:38 [INFO] - Running tests from path: "tmp_test_src/"
2024-09-19 17:12:38 [INFO] - Running tests from directory tmp_test_src/controller
2024-09-19 17:12:42 [INFO] - Controller tests successful, 2 tests failed
2024-09-19 17:12:42 [INFO] - Running tests from directory tmp_test_src/borrower
2024-09-19 17:12:45 [INFO] - Borrower tests successful, 5 tests failed
2024-09-19 17:12:45 [INFO] - Running tests from directory tmp_test_src/repairer
2024-09-19 17:12:46 [INFO] - repair count: 1
2024-09-19 17:12:46 [INFO] - status: true
2024-09-19 17:12:46 [INFO] - repair count: 1
2024-09-19 17:12:46 [INFO] - status: true
2024-09-19 17:12:46 [INFO] - repair count: 1
2024-09-19 17:12:46 [INFO] - status: false
2024-09-19 17:12:46 [INFO] - repair count: 1
2024-09-19 17:12:46 [INFO] - status: false
2024-09-19 17:12:47 [INFO] - repair count: 1
2024-09-19 17:12:47 [INFO] - status: true
2024-09-19 17:12:49 [INFO] - repair count: 1
2024-09-19 17:12:49 [INFO] - status: true
2024-09-19 17:12:50 [INFO] - repair count: 0
2024-09-19 17:12:50 [INFO] - status: true
2024-09-19 17:12:50 [INFO] - repair count: 1
2024-09-19 17:12:50 [INFO] - status: true
2024-09-19 17:12:51 [INFO] - repair count: 1
2024-09-19 17:12:51 [INFO] - status: true
2024-09-19 17:12:51 [INFO] - repair count: 1
2024-09-19 17:12:51 [INFO] - status: true
2024-09-19 17:12:52 [INFO] - repair count: 1
2024-09-19 17:12:52 [INFO] - status: true
2024-09-19 17:12:52 [INFO] - repair count: 1
2024-09-19 17:12:52 [INFO] - status: true
2024-09-19 17:12:52 [INFO] - repair count: 2
2024-09-19 17:12:52 [INFO] - status: false
2024-09-19 17:12:53 [INFO] - repair count: 2
2024-09-19 17:12:53 [INFO] - status: false
2024-09-19 17:12:53 [INFO] - repair count: 1
2024-09-19 17:12:53 [INFO] - status: false
2024-09-19 17:12:53 [INFO] - repair count: 1
2024-09-19 17:12:53 [INFO] - status: false
2024-09-19 17:12:53 [INFO] - repair count: 1
2024-09-19 17:12:53 [INFO] - status: false
2024-09-19 17:12:53 [INFO] - repair count: 1
2024-09-19 17:12:53 [INFO] - status: false
2024-09-19 17:12:53 [INFO] - repair count: 1
2024-09-19 17:12:53 [INFO] - status: false
2024-09-19 17:12:53 [INFO] - repair count: 1
2024-09-19 17:12:53 [INFO] - status: false
2024-09-19 17:12:53 [INFO] - repair count: 1
2024-09-19 17:12:53 [INFO] - status: true
2024-09-19 17:12:54 [INFO] - repair count: 1
2024-09-19 17:12:54 [INFO] - status: false
2024-09-19 17:12:54 [INFO] - repair count: 1
2024-09-19 17:12:54 [INFO] - status: true
2024-09-19 17:12:55 [INFO] - repair count: 1
2024-09-19 17:12:55 [INFO] - status: true
2024-09-19 17:12:55 [INFO] - repair count: 0
2024-09-19 17:12:55 [INFO] - status: true
2024-09-19 17:12:55 [INFO] - repair count: 0
2024-09-19 17:12:55 [INFO] - status: true
2024-09-19 17:12:55 [INFO] - repair count: 0
2024-09-19 17:12:55 [INFO] - status: true
2024-09-19 17:12:56 [INFO] - repair count: 0
2024-09-19 17:12:56 [INFO] - status: true
2024-09-19 17:12:57 [INFO] - Repairer tests succesful, 11 tests failed
2024-09-19 17:12:57 [INFO] - Test running finished, 18 tests failed
2024-09-19 17:12:57 [INFO] - Successfully deleted folder downloaded from Git
2024-09-19 17:12:57 [INFO] - Refactoring completed successfully
