2024-08-25 02:38:32 [INFO] - Application Started
2024-08-25 02:38:32 [INFO] - Running tests
2024-08-25 02:38:34 [INFO] - repair count: 1
2024-08-25 02:38:34 [INFO] - status: true
2024-08-25 02:38:35 [INFO] - repair count: 1
2024-08-25 02:38:35 [INFO] - status: true
2024-08-25 02:38:35 [INFO] - repair count: 1
2024-08-25 02:38:35 [INFO] - status: false
2024-08-25 02:38:35 [INFO] - repair count: 1
2024-08-25 02:38:35 [INFO] - status: false
2024-08-25 02:38:35 [INFO] - repair count: 1
2024-08-25 02:38:35 [INFO] - status: true
2024-08-25 02:38:35 [INFO] - repair count: 1
2024-08-25 02:38:35 [INFO] - status: true
2024-08-25 02:38:35 [INFO] - repair count: 0
2024-08-25 02:38:35 [INFO] - status: true
2024-08-25 02:38:36 [INFO] - repair count: 1
2024-08-25 02:38:36 [INFO] - status: true
2024-08-25 02:38:36 [INFO] - repair count: 1
2024-08-25 02:38:36 [INFO] - status: true
2024-08-25 02:38:36 [INFO] - repair count: 1
2024-08-25 02:38:36 [INFO] - status: true
2024-08-25 02:38:36 [INFO] - repair count: 1
2024-08-25 02:38:36 [INFO] - status: true
2024-08-25 02:38:37 [INFO] - repair count: 1
2024-08-25 02:38:37 [INFO] - status: true
2024-08-25 02:38:37 [INFO] - repair count: 2
2024-08-25 02:38:37 [INFO] - status: false
2024-08-25 02:38:37 [INFO] - repair count: 2
2024-08-25 02:38:37 [INFO] - status: false
2024-08-25 02:38:37 [INFO] - repair count: 1
2024-08-25 02:38:37 [INFO] - status: false
2024-08-25 02:38:37 [INFO] - repair count: 1
2024-08-25 02:38:37 [INFO] - status: false
2024-08-25 02:38:37 [INFO] - repair count: 1
2024-08-25 02:38:37 [INFO] - status: false
2024-08-25 02:38:37 [INFO] - repair count: 1
2024-08-25 02:38:37 [INFO] - status: false
2024-08-25 02:38:37 [INFO] - repair count: 1
2024-08-25 02:38:37 [INFO] - status: false
2024-08-25 02:38:37 [INFO] - repair count: 1
2024-08-25 02:38:37 [INFO] - status: false
2024-08-25 02:38:37 [INFO] - repair count: 1
2024-08-25 02:38:37 [INFO] - status: true
2024-08-25 02:38:37 [INFO] - repair count: 1
2024-08-25 02:38:37 [INFO] - status: false
2024-08-25 02:38:37 [INFO] - repair count: 1
2024-08-25 02:38:37 [INFO] - status: true
2024-08-25 02:38:38 [INFO] - repair count: 1
2024-08-25 02:38:38 [INFO] - status: true
2024-08-25 02:38:38 [INFO] - repair count: 0
2024-08-25 02:38:38 [INFO] - status: true
2024-08-25 02:38:38 [INFO] - repair count: 0
2024-08-25 02:38:38 [INFO] - status: true
2024-08-25 02:38:38 [INFO] - repair count: 0
2024-08-25 02:38:38 [INFO] - status: true
2024-08-25 02:38:37 [INFO] - repair count: 0
2024-08-25 02:38:37 [INFO] - status: true
