2024-08-27 17:41:26 [INFO] - Application Started
2024-08-27 17:41:26 [INFO] - Running tests
2024-08-27 17:41:29 [INFO] - repair count: 1
2024-08-27 17:41:29 [INFO] - status: true
2024-08-27 17:41:29 [INFO] - repair count: 1
2024-08-27 17:41:29 [INFO] - status: true
2024-08-27 17:41:29 [INFO] - repair count: 1
2024-08-27 17:41:29 [INFO] - status: false
2024-08-27 17:41:29 [INFO] - repair count: 1
2024-08-27 17:41:29 [INFO] - status: false
2024-08-27 17:41:29 [INFO] - repair count: 1
2024-08-27 17:41:29 [INFO] - status: true
2024-08-27 17:41:29 [INFO] - repair count: 1
2024-08-27 17:41:29 [INFO] - status: true
2024-08-27 17:41:30 [INFO] - repair count: 0
2024-08-27 17:41:30 [INFO] - status: true
2024-08-27 17:41:30 [INFO] - repair count: 1
2024-08-27 17:41:30 [INFO] - status: true
2024-08-27 17:41:30 [INFO] - repair count: 1
2024-08-27 17:41:30 [INFO] - status: true
2024-08-27 17:41:31 [INFO] - repair count: 1
2024-08-27 17:41:31 [INFO] - status: true
2024-08-27 17:41:31 [INFO] - repair count: 1
2024-08-27 17:41:31 [INFO] - status: true
2024-08-27 17:41:31 [INFO] - repair count: 1
2024-08-27 17:41:31 [INFO] - status: true
2024-08-27 17:41:31 [INFO] - repair count: 2
2024-08-27 17:41:31 [INFO] - status: false
2024-08-27 17:41:32 [INFO] - repair count: 2
2024-08-27 17:41:32 [INFO] - status: false
2024-08-27 17:41:32 [INFO] - repair count: 1
2024-08-27 17:41:32 [INFO] - status: false
2024-08-27 17:41:32 [INFO] - repair count: 1
2024-08-27 17:41:32 [INFO] - status: false
2024-08-27 17:41:32 [INFO] - repair count: 1
2024-08-27 17:41:32 [INFO] - status: false
2024-08-27 17:41:32 [INFO] - repair count: 1
2024-08-27 17:41:32 [INFO] - status: false
2024-08-27 17:41:32 [INFO] - repair count: 1
2024-08-27 17:41:32 [INFO] - status: false
2024-08-27 17:41:32 [INFO] - repair count: 1
2024-08-27 17:41:32 [INFO] - status: false
2024-08-27 17:41:32 [INFO] - repair count: 1
2024-08-27 17:41:32 [INFO] - status: true
2024-08-27 17:41:32 [INFO] - repair count: 1
2024-08-27 17:41:32 [INFO] - status: false
2024-08-27 17:41:33 [INFO] - repair count: 1
2024-08-27 17:41:33 [INFO] - status: true
2024-08-27 17:41:33 [INFO] - repair count: 1
2024-08-27 17:41:33 [INFO] - status: true
2024-08-27 17:41:33 [INFO] - repair count: 0
2024-08-27 17:41:33 [INFO] - status: true
2024-08-27 17:41:33 [INFO] - repair count: 0
2024-08-27 17:41:33 [INFO] - status: true
2024-08-27 17:41:34 [INFO] - repair count: 0
2024-08-27 17:41:34 [INFO] - status: true
2024-08-27 17:41:34 [INFO] - repair count: 0
2024-08-27 17:41:34 [INFO] - status: true
2024-08-27 17:41:34 [INFO] - All tests completed
