2024-08-26 11:35:16 [INFO] - Application Started
2024-08-26 11:35:16 [INFO] - Running tests
2024-08-26 11:35:22 [INFO] - repair count: 1
2024-08-26 11:35:22 [INFO] - status: true
2024-08-26 11:35:22 [INFO] - repair count: 1
2024-08-26 11:35:22 [INFO] - status: true
2024-08-26 11:35:22 [INFO] - repair count: 1
2024-08-26 11:35:22 [INFO] - status: false
2024-08-26 11:35:22 [INFO] - repair count: 1
2024-08-26 11:35:22 [INFO] - status: false
2024-08-26 11:35:23 [INFO] - repair count: 1
2024-08-26 11:35:23 [INFO] - status: true
2024-08-26 11:35:23 [INFO] - repair count: 1
2024-08-26 11:35:23 [INFO] - status: true
2024-08-26 11:35:23 [INFO] - repair count: 0
2024-08-26 11:35:23 [INFO] - status: true
2024-08-26 11:35:24 [INFO] - repair count: 1
2024-08-26 11:35:24 [INFO] - status: true
2024-08-26 11:35:24 [INFO] - repair count: 1
2024-08-26 11:35:24 [INFO] - status: true
2024-08-26 11:35:24 [INFO] - repair count: 1
2024-08-26 11:35:24 [INFO] - status: true
2024-08-26 11:35:25 [INFO] - repair count: 1
2024-08-26 11:35:25 [INFO] - status: true
2024-08-26 11:35:25 [INFO] - repair count: 1
2024-08-26 11:35:25 [INFO] - status: true
2024-08-26 11:35:25 [INFO] - repair count: 2
2024-08-26 11:35:25 [INFO] - status: false
2024-08-26 11:35:25 [INFO] - repair count: 2
2024-08-26 11:35:25 [INFO] - status: false
2024-08-26 11:35:25 [INFO] - repair count: 1
2024-08-26 11:35:25 [INFO] - status: false
2024-08-26 11:35:26 [INFO] - repair count: 1
2024-08-26 11:35:26 [INFO] - status: false
2024-08-26 11:35:26 [INFO] - repair count: 1
2024-08-26 11:35:26 [INFO] - status: false
2024-08-26 11:35:26 [INFO] - repair count: 1
2024-08-26 11:35:26 [INFO] - status: false
2024-08-26 11:35:26 [INFO] - repair count: 1
2024-08-26 11:35:26 [INFO] - status: false
2024-08-26 11:35:26 [INFO] - repair count: 1
2024-08-26 11:35:26 [INFO] - status: false
2024-08-26 11:35:26 [INFO] - repair count: 1
2024-08-26 11:35:26 [INFO] - status: true
2024-08-26 11:35:26 [INFO] - repair count: 1
2024-08-26 11:35:26 [INFO] - status: false
2024-08-26 11:35:27 [INFO] - repair count: 1
2024-08-26 11:35:27 [INFO] - status: true
2024-08-26 11:35:27 [INFO] - repair count: 1
2024-08-26 11:35:27 [INFO] - status: true
2024-08-26 11:35:27 [INFO] - repair count: 0
2024-08-26 11:35:27 [INFO] - status: true
2024-08-26 11:35:28 [INFO] - repair count: 0
2024-08-26 11:35:28 [INFO] - status: true
2024-08-26 11:35:28 [INFO] - repair count: 0
2024-08-26 11:35:28 [INFO] - status: true
2024-08-26 11:35:28 [INFO] - repair count: 0
2024-08-26 11:35:28 [INFO] - status: true
2024-08-26 11:35:28 [INFO] - All tests completed
