2024-08-25 02:40:17 [INFO] - Application Started
2024-08-25 02:40:17 [INFO] - Running tests
2024-08-25 02:40:19 [INFO] - repair count: 1
2024-08-25 02:40:19 [INFO] - status: true
2024-08-25 02:40:19 [INFO] - repair count: 1
2024-08-25 02:40:19 [INFO] - status: true
2024-08-25 02:40:19 [INFO] - repair count: 1
2024-08-25 02:40:19 [INFO] - status: false
2024-08-25 02:40:19 [INFO] - repair count: 1
2024-08-25 02:40:19 [INFO] - status: false
2024-08-25 02:40:19 [INFO] - repair count: 1
2024-08-25 02:40:19 [INFO] - status: true
2024-08-25 02:40:19 [INFO] - repair count: 1
2024-08-25 02:40:19 [INFO] - status: true
2024-08-25 02:40:20 [INFO] - repair count: 0
2024-08-25 02:40:20 [INFO] - status: true
2024-08-25 02:40:20 [INFO] - repair count: 1
2024-08-25 02:40:20 [INFO] - status: true
2024-08-25 02:40:20 [INFO] - repair count: 1
2024-08-25 02:40:20 [INFO] - status: true
2024-08-25 02:40:20 [INFO] - repair count: 1
2024-08-25 02:40:20 [INFO] - status: true
2024-08-25 02:40:21 [INFO] - repair count: 1
2024-08-25 02:40:21 [INFO] - status: true
2024-08-25 02:40:21 [INFO] - repair count: 1
2024-08-25 02:40:21 [INFO] - status: true
2024-08-25 02:40:21 [INFO] - repair count: 2
2024-08-25 02:40:21 [INFO] - status: false
2024-08-25 02:40:21 [INFO] - repair count: 2
2024-08-25 02:40:21 [INFO] - status: false
2024-08-25 02:40:21 [INFO] - repair count: 1
2024-08-25 02:40:21 [INFO] - status: false
2024-08-25 02:40:21 [INFO] - repair count: 1
2024-08-25 02:40:21 [INFO] - status: false
2024-08-25 02:40:21 [INFO] - repair count: 1
2024-08-25 02:40:21 [INFO] - status: false
2024-08-25 02:40:21 [INFO] - repair count: 1
2024-08-25 02:40:21 [INFO] - status: false
2024-08-25 02:40:21 [INFO] - repair count: 1
2024-08-25 02:40:21 [INFO] - status: false
2024-08-25 02:40:21 [INFO] - repair count: 1
2024-08-25 02:40:21 [INFO] - status: false
2024-08-25 02:40:22 [INFO] - repair count: 1
2024-08-25 02:40:22 [INFO] - status: true
2024-08-25 02:40:22 [INFO] - repair count: 1
2024-08-25 02:40:22 [INFO] - status: false
2024-08-25 02:40:22 [INFO] - repair count: 1
2024-08-25 02:40:22 [INFO] - status: true
2024-08-25 02:40:22 [INFO] - repair count: 1
2024-08-25 02:40:22 [INFO] - status: true
2024-08-25 02:40:22 [INFO] - repair count: 0
2024-08-25 02:40:22 [INFO] - status: true
2024-08-25 02:40:22 [INFO] - repair count: 0
2024-08-25 02:40:22 [INFO] - status: true
2024-08-25 02:40:23 [INFO] - repair count: 0
2024-08-25 02:40:23 [INFO] - status: true
2024-08-25 02:40:23 [INFO] - repair count: 0
2024-08-25 02:40:23 [INFO] - status: true
2024-08-25 02:40:23 [INFO] - All tests completed
