2024-08-25 02:29:10 [INFO] - Application Started
2024-08-25 02:29:10 [INFO] - Running tests
2024-08-25 02:29:12 [INFO] - repair count: 1
2024-08-25 02:29:12 [INFO] - status: true
2024-08-25 02:29:12 [INFO] - repair count: 1
2024-08-25 02:29:12 [INFO] - status: true
2024-08-25 02:29:12 [INFO] - repair count: 1
2024-08-25 02:29:12 [INFO] - status: false
2024-08-25 02:29:13 [INFO] - repair count: 1
2024-08-25 02:29:13 [INFO] - status: false
2024-08-25 02:29:13 [INFO] - repair count: 1
2024-08-25 02:29:13 [INFO] - status: true
2024-08-25 02:29:13 [INFO] - repair count: 1
2024-08-25 02:29:13 [INFO] - status: true
2024-08-25 02:29:13 [INFO] - repair count: 0
2024-08-25 02:29:13 [INFO] - status: true
2024-08-25 02:29:13 [INFO] - repair count: 1
2024-08-25 02:29:13 [INFO] - status: true
2024-08-25 02:29:14 [INFO] - repair count: 1
2024-08-25 02:29:14 [INFO] - status: true
2024-08-25 02:29:14 [INFO] - repair count: 1
2024-08-25 02:29:14 [INFO] - status: true
2024-08-25 02:29:14 [INFO] - repair count: 1
2024-08-25 02:29:14 [INFO] - status: true
2024-08-25 02:29:14 [INFO] - repair count: 1
2024-08-25 02:29:14 [INFO] - status: true
2024-08-25 02:29:14 [INFO] - repair count: 2
2024-08-25 02:29:14 [INFO] - status: false
2024-08-25 02:29:14 [INFO] - repair count: 2
2024-08-25 02:29:14 [INFO] - status: false
2024-08-25 02:29:15 [INFO] - repair count: 1
2024-08-25 02:29:15 [INFO] - status: false
2024-08-25 02:29:15 [INFO] - repair count: 1
2024-08-25 02:29:15 [INFO] - status: false
2024-08-25 02:29:15 [INFO] - repair count: 1
2024-08-25 02:29:15 [INFO] - status: false
2024-08-25 02:29:15 [INFO] - repair count: 1
2024-08-25 02:29:15 [INFO] - status: false
2024-08-25 02:29:15 [INFO] - repair count: 1
2024-08-25 02:29:15 [INFO] - status: false
2024-08-25 02:29:15 [INFO] - repair count: 1
2024-08-25 02:29:15 [INFO] - status: false
2024-08-25 02:29:15 [INFO] - repair count: 1
2024-08-25 02:29:15 [INFO] - status: true
2024-08-25 02:29:15 [INFO] - repair count: 1
2024-08-25 02:29:15 [INFO] - status: false
2024-08-25 02:29:16 [INFO] - repair count: 1
2024-08-25 02:29:16 [INFO] - status: true
2024-08-25 02:29:16 [INFO] - repair count: 1
2024-08-25 02:29:16 [INFO] - status: true
2024-08-25 02:29:16 [INFO] - repair count: 0
2024-08-25 02:29:16 [INFO] - status: true
2024-08-25 02:29:16 [INFO] - repair count: 0
2024-08-25 02:29:16 [INFO] - status: true
2024-08-25 02:29:15 [INFO] - repair count: 0
2024-08-25 02:29:15 [INFO] - status: true
