2025-02-10 13:58:06 [INFO] - Application Started
2025-02-10 13:58:06 [INFO] - Successfully backed up file from "/home/matt/rem-matt/rem-cli/test_crates/sample_project/src/main.rs" to "/home/matt/rem-matt/rem-cli/test_crates/sample_project/src/main_backup_1739156286.rs"
2025-02-10 13:58:06 [INFO] - Output path: "/home/matt/rem-matt/rem-cli/test_crates/sample_project/src/main.llbc"
2025-02-10 13:58:07 [INFO] - Conversion to LLBC succeeded for project: "/home/matt/rem-matt/rem-cli/test_crates/sample_project/src/main.rs"
2025-02-10 13:58:07 [INFO] - LLBC file saved at: "/home/matt/rem-matt/rem-cli/test_crates/sample_project/src/main.llbc"
2025-02-10 13:58:07 [INFO] - Extraction succeeded. New Code:
fn main() {
    test_incr();
}

fn ref_incr(x: &mut i32) {
    fun_name(x);
}

fn fun_name(x: &mut i32) {
    *x = *x + 1;
}

fn test_incr() {
    let mut y = 0i32;
    ref_incr(&mut y);
    assert!(y == 1);
}
2025-02-10 13:58:07 [INFO] - Caller Function Name: ref_incr
2025-02-10 13:58:08 [INFO] - Conversion to LLBC succeeded for project: "/home/matt/rem-matt/rem-cli/test_crates/sample_project/src/main.rs"
2025-02-10 13:58:08 [INFO] - LLBC file saved at: "/home/matt/rem-matt/rem-cli/test_crates/sample_project/src/main_ref.llbc"
2025-02-10 13:58:08 [INFO] - Original LLBC: "/home/matt/rem-matt/rem-cli/test_crates/sample_project/src/main.llbc"
2025-02-10 13:58:08 [INFO] - New LLBC: "/home/matt/rem-matt/rem-cli/test_crates/sample_project/src/main_ref.llbc"
2025-02-10 13:58:08 [ERROR] - Conversion to CoQ failed: missing field `primitives` for key `programs`
