2024-08-26 01:00:03 [INFO] - Application Started
2024-08-26 01:00:03 [INFO] - Running tests
2024-08-26 01:00:07 [INFO] - repair count: 1
2024-08-26 01:00:07 [INFO] - status: true
2024-08-26 01:00:08 [INFO] - repair count: 1
2024-08-26 01:00:08 [INFO] - status: true
2024-08-26 01:00:08 [INFO] - repair count: 1
2024-08-26 01:00:08 [INFO] - status: false
2024-08-26 01:00:08 [INFO] - repair count: 1
2024-08-26 01:00:08 [INFO] - status: false
2024-08-26 01:00:08 [INFO] - repair count: 1
2024-08-26 01:00:08 [INFO] - status: true
2024-08-26 01:00:08 [INFO] - repair count: 1
2024-08-26 01:00:08 [INFO] - status: true
2024-08-26 01:00:08 [INFO] - repair count: 0
2024-08-26 01:00:08 [INFO] - status: true
2024-08-26 01:00:08 [INFO] - repair count: 1
2024-08-26 01:00:08 [INFO] - status: true
2024-08-26 01:00:09 [INFO] - repair count: 1
2024-08-26 01:00:09 [INFO] - status: true
2024-08-26 01:00:09 [INFO] - repair count: 1
2024-08-26 01:00:09 [INFO] - status: true
2024-08-26 01:00:09 [INFO] - repair count: 1
2024-08-26 01:00:09 [INFO] - status: true
2024-08-26 01:00:09 [INFO] - repair count: 1
2024-08-26 01:00:09 [INFO] - status: true
2024-08-26 01:00:09 [INFO] - repair count: 2
2024-08-26 01:00:09 [INFO] - status: false
2024-08-26 01:00:09 [INFO] - repair count: 2
2024-08-26 01:00:09 [INFO] - status: false
2024-08-26 01:00:09 [INFO] - repair count: 1
2024-08-26 01:00:09 [INFO] - status: false
2024-08-26 01:00:10 [INFO] - repair count: 1
2024-08-26 01:00:10 [INFO] - status: false
2024-08-26 01:00:10 [INFO] - repair count: 1
2024-08-26 01:00:10 [INFO] - status: false
2024-08-26 01:00:10 [INFO] - repair count: 1
2024-08-26 01:00:10 [INFO] - status: false
2024-08-26 01:00:10 [INFO] - repair count: 1
2024-08-26 01:00:10 [INFO] - status: false
2024-08-26 01:00:10 [INFO] - repair count: 1
2024-08-26 01:00:10 [INFO] - status: false
2024-08-26 01:00:10 [INFO] - repair count: 1
2024-08-26 01:00:10 [INFO] - status: true
2024-08-26 01:00:10 [INFO] - repair count: 1
2024-08-26 01:00:10 [INFO] - status: false
2024-08-26 01:00:10 [INFO] - repair count: 1
2024-08-26 01:00:10 [INFO] - status: true
2024-08-26 01:00:10 [INFO] - repair count: 1
2024-08-26 01:00:10 [INFO] - status: true
2024-08-26 01:00:11 [INFO] - repair count: 0
2024-08-26 01:00:11 [INFO] - status: true
2024-08-26 01:00:11 [INFO] - repair count: 0
2024-08-26 01:00:11 [INFO] - status: true
2024-08-26 01:00:11 [INFO] - repair count: 0
2024-08-26 01:00:11 [INFO] - status: true
2024-08-26 01:00:11 [INFO] - repair count: 0
2024-08-26 01:00:11 [INFO] - status: true
2024-08-26 01:00:11 [INFO] - All tests completed
