2025-02-09 23:55:51 [INFO] - Application Started
2025-02-09 23:55:51 [INFO] - Successfully backed up file from "/home/matt/rem-matt/rem-cli/test_crates/sample_project/src/main.rs" to "/home/matt/rem-matt/rem-cli/test_crates/sample_project/src/main_backup_1739105751.rs"
2025-02-09 23:55:54 [INFO] - Conversion to LLBC succeeded for project: "/home/matt/rem-matt/rem-cli/test_crates/sample_project/src/main.rs"
2025-02-09 23:55:54 [INFO] - LLBC file saved at: "/home/matt/rem-matt/rem-cli/test_crates/sample_project/src/main.llbc"
2025-02-09 23:55:55 [INFO] - Extraction succeeded. New Code:
fn main() {
    test_incr();
}

fn ref_incr(x: &mut i32) {
    fun_name1(x);
}

fn fun_name1(x: &mut i32) {
    fun_name(x);
}

fn fun_name(x: &mut i32) {
    *x = *x + 1;
}

fn test_incr() {
    let mut y = 0i32;
    ref_incr(&mut y);
    assert!(y == 1);
}
2025-02-09 23:55:55 [INFO] - Caller Function Name: ref_incr
2025-02-09 23:55:55 [INFO] - Conversion to LLBC succeeded for project: "/home/matt/rem-matt/rem-cli/test_crates/sample_project/src/main.rs"
2025-02-09 23:55:55 [INFO] - LLBC file saved at: "/home/matt/rem-matt/rem-cli/test_crates/sample_project/src/main_ref.llbc"
2025-02-09 23:55:55 [INFO] - RunShort completed successfully
2025-02-09 23:55:55 [INFO] - Backup file deleted successfully: "/home/matt/rem-matt/rem-cli/test_crates/sample_project/src/main_backup_1739105751.rs"
2025-02-09 23:55:55 [INFO] - Backup deleted successfully
2025-02-09 23:55:55 [INFO] - Refactoring completed successfully
