2024-09-20 11:34:23 [INFO] - Application Started
2024-09-20 11:34:23 [INFO] - Running tests from GitHub repo: https://github.com/RuleBrittonica/rem-testfiles
2024-09-20 11:34:24 [INFO] - Running tests from path: "tmp_test_src/"
2024-09-20 11:34:24 [INFO] - Running tests from directory tmp_test_src/controller
2024-09-20 11:34:28 [INFO] - Controller tests successful, 2 tests failed
2024-09-20 11:34:28 [INFO] - Running tests from directory tmp_test_src/borrower
2024-09-20 11:34:32 [INFO] - Borrower tests successful, 5 tests failed
2024-09-20 11:34:32 [INFO] - Running tests from directory tmp_test_src/repairer
2024-09-20 11:34:33 [INFO] - repair count: 1
2024-09-20 11:34:33 [INFO] - status: true
2024-09-20 11:34:33 [INFO] - repair count: 1
2024-09-20 11:34:33 [INFO] - status: true
2024-09-20 11:34:33 [INFO] - repair count: 1
2024-09-20 11:34:33 [INFO] - status: false
2024-09-20 11:34:33 [INFO] - repair count: 1
2024-09-20 11:34:33 [INFO] - status: false
2024-09-20 11:34:34 [INFO] - repair count: 1
2024-09-20 11:34:34 [INFO] - status: true
2024-09-20 11:34:34 [INFO] - repair count: 1
2024-09-20 11:34:34 [INFO] - status: true
2024-09-20 11:34:34 [INFO] - repair count: 0
2024-09-20 11:34:34 [INFO] - status: true
2024-09-20 11:34:35 [INFO] - repair count: 1
2024-09-20 11:34:35 [INFO] - status: true
2024-09-20 11:34:35 [INFO] - repair count: 1
2024-09-20 11:34:35 [INFO] - status: true
2024-09-20 11:34:36 [INFO] - repair count: 1
2024-09-20 11:34:36 [INFO] - status: true
2024-09-20 11:34:36 [INFO] - repair count: 1
2024-09-20 11:34:36 [INFO] - status: true
2024-09-20 11:34:37 [INFO] - repair count: 1
2024-09-20 11:34:37 [INFO] - status: true
2024-09-20 11:34:38 [INFO] - repair count: 2
2024-09-20 11:34:38 [INFO] - status: false
2024-09-20 11:34:38 [INFO] - repair count: 2
2024-09-20 11:34:38 [INFO] - status: false
2024-09-20 11:34:38 [INFO] - repair count: 1
2024-09-20 11:34:38 [INFO] - status: false
2024-09-20 11:34:38 [INFO] - repair count: 1
2024-09-20 11:34:38 [INFO] - status: false
2024-09-20 11:34:38 [INFO] - repair count: 1
2024-09-20 11:34:38 [INFO] - status: false
2024-09-20 11:34:38 [INFO] - repair count: 1
2024-09-20 11:34:38 [INFO] - status: false
2024-09-20 11:34:38 [INFO] - repair count: 1
2024-09-20 11:34:38 [INFO] - status: false
2024-09-20 11:34:39 [INFO] - repair count: 1
2024-09-20 11:34:39 [INFO] - status: false
2024-09-20 11:34:39 [INFO] - repair count: 1
2024-09-20 11:34:39 [INFO] - status: true
2024-09-20 11:34:39 [INFO] - repair count: 1
2024-09-20 11:34:39 [INFO] - status: false
2024-09-20 11:34:40 [INFO] - repair count: 1
2024-09-20 11:34:40 [INFO] - status: true
2024-09-20 11:34:40 [INFO] - repair count: 1
2024-09-20 11:34:40 [INFO] - status: true
2024-09-20 11:34:41 [INFO] - repair count: 0
2024-09-20 11:34:41 [INFO] - status: true
2024-09-20 11:34:41 [INFO] - repair count: 0
2024-09-20 11:34:41 [INFO] - status: true
2024-09-20 11:34:41 [INFO] - repair count: 0
2024-09-20 11:34:41 [INFO] - status: true
2024-09-20 11:34:42 [INFO] - repair count: 0
2024-09-20 11:34:42 [INFO] - status: true
2024-09-20 11:34:42 [INFO] - Repairer tests succesful, 11 tests failed
2024-09-20 11:34:42 [INFO] - All tests completed. Total failed tests: 18
2024-09-20 11:34:42 [INFO] - Test running finished, 18 tests failed
2024-09-20 11:34:42 [INFO] - Successfully deleted folder downloaded from Git
2024-09-20 11:34:42 [INFO] - Refactoring completed successfully
